{"/Users/user/Desktop/web2.0/WeIns_F/src/components/signinForm.vue": {"path":"/Users/user/Desktop/web2.0/WeIns_F/src/components/signinForm.vue","statementMap":{"0":{"start":{"line":47,"column":0},"end":{"line":47,"column":null}},"1":{"start":{"line":73,"column":0},"end":{"line":114,"column":null}},"2":{"start":{"line":74,"column":0},"end":{"line":74,"column":null}},"3":{"start":{"line":76,"column":0},"end":{"line":76,"column":null}},"4":{"start":{"line":110,"column":0},"end":{"line":113,"column":null}},"5":{"start":{"line":111,"column":0},"end":{"line":111,"column":null}},"6":{"start":{"line":115,"column":0},"end":{"line":115,"column":null}},"7":{"start":{"line":119,"column":0},"end":{"line":119,"column":null}}},"fnMap":{"0":{"name":"(anonymous_1)","decl":{"start":{"line":46,"column":0},"end":{"line":46,"column":null}},"loc":{"start":{"line":46,"column":0},"end":{"line":70,"column":null}}},"1":{"name":"(anonymous_2)","decl":{"start":{"line":72,"column":0},"end":{"line":72,"column":null}},"loc":{"start":{"line":72,"column":0},"end":{"line":116,"column":null}}},"2":{"name":"(anonymous_3)","decl":{"start":{"line":110,"column":0},"end":{"line":110,"column":null}},"loc":{"start":{"line":110,"column":0},"end":{"line":113,"column":null}}},"3":{"name":"(anonymous_4)","decl":{"start":{"line":117,"column":0},"end":{"line":117,"column":null}},"loc":{"start":{"line":117,"column":0},"end":{"line":120,"column":null}}}},"branchMap":{"0":{"loc":{"start":{"line":73,"column":0},"end":{"line":114,"column":null}},"type":"if","locations":[{"start":{"line":73,"column":0},"end":{"line":114,"column":null}},{"start":{"line":73,"column":0},"end":{"line":114,"column":null}}]},"1":{"loc":{"start":{"line":111,"column":0},"end":{"line":111,"column":null}},"type":"if","locations":[{"start":{"line":111,"column":0},"end":{"line":111,"column":null}},{"start":{"line":111,"column":0},"end":{"line":111,"column":null}}]}},"s":{"0":4,"1":3,"2":1,"3":1,"4":1,"5":2,"6":2,"7":1},"f":{"0":4,"1":3,"2":1,"3":1},"b":{"0":[1,2],"1":[1,0]}}
,"/Users/user/Desktop/web2.0/WeIns_F/src/components/signupForm.vue": {"path":"/Users/user/Desktop/web2.0/WeIns_F/src/components/signupForm.vue","statementMap":{"0":{"start":{"line":36,"column":0},"end":{"line":36,"column":null}},"1":{"start":{"line":54,"column":0},"end":{"line":54,"column":null}},"2":{"start":{"line":55,"column":0},"end":{"line":55,"column":null}},"3":{"start":{"line":60,"column":0},"end":{"line":60,"column":null}},"4":{"start":{"line":61,"column":0},"end":{"line":61,"column":null}},"5":{"start":{"line":63,"column":0},"end":{"line":63,"column":null}},"6":{"start":{"line":64,"column":0},"end":{"line":64,"column":null}},"7":{"start":{"line":66,"column":0},"end":{"line":66,"column":null}},"8":{"start":{"line":69,"column":0},"end":{"line":69,"column":null}},"9":{"start":{"line":72,"column":0},"end":{"line":72,"column":null}},"10":{"start":{"line":73,"column":0},"end":{"line":73,"column":null}},"11":{"start":{"line":74,"column":0},"end":{"line":85,"column":null}},"12":{"start":{"line":75,"column":0},"end":{"line":75,"column":null}},"13":{"start":{"line":76,"column":0},"end":{"line":76,"column":null}},"14":{"start":{"line":77,"column":0},"end":{"line":77,"column":null}},"15":{"start":{"line":79,"column":0},"end":{"line":79,"column":null}},"16":{"start":{"line":80,"column":0},"end":{"line":84,"column":null}},"17":{"start":{"line":81,"column":0},"end":{"line":81,"column":null}},"18":{"start":{"line":82,"column":0},"end":{"line":82,"column":null}},"19":{"start":{"line":83,"column":0},"end":{"line":83,"column":null}},"20":{"start":{"line":87,"column":0},"end":{"line":87,"column":null}},"21":{"start":{"line":88,"column":0},"end":{"line":98,"column":null}},"22":{"start":{"line":89,"column":0},"end":{"line":89,"column":null}},"23":{"start":{"line":91,"column":0},"end":{"line":91,"column":null}},"24":{"start":{"line":92,"column":0},"end":{"line":92,"column":null}},"25":{"start":{"line":93,"column":0},"end":{"line":98,"column":null}},"26":{"start":{"line":94,"column":0},"end":{"line":94,"column":null}},"27":{"start":{"line":96,"column":0},"end":{"line":96,"column":null}},"28":{"start":{"line":97,"column":0},"end":{"line":97,"column":null}},"29":{"start":{"line":100,"column":0},"end":{"line":100,"column":null}},"30":{"start":{"line":101,"column":0},"end":{"line":111,"column":null}},"31":{"start":{"line":102,"column":0},"end":{"line":102,"column":null}},"32":{"start":{"line":104,"column":0},"end":{"line":104,"column":null}},"33":{"start":{"line":105,"column":0},"end":{"line":105,"column":null}},"34":{"start":{"line":106,"column":0},"end":{"line":111,"column":null}},"35":{"start":{"line":107,"column":0},"end":{"line":107,"column":null}},"36":{"start":{"line":109,"column":0},"end":{"line":109,"column":null}},"37":{"start":{"line":110,"column":0},"end":{"line":110,"column":null}},"38":{"start":{"line":113,"column":0},"end":{"line":113,"column":null}},"39":{"start":{"line":114,"column":0},"end":{"line":114,"column":null}},"40":{"start":{"line":115,"column":0},"end":{"line":115,"column":null}},"41":{"start":{"line":116,"column":0},"end":{"line":121,"column":null}},"42":{"start":{"line":117,"column":0},"end":{"line":117,"column":null}},"43":{"start":{"line":119,"column":0},"end":{"line":119,"column":null}},"44":{"start":{"line":120,"column":0},"end":{"line":120,"column":null}},"45":{"start":{"line":123,"column":0},"end":{"line":123,"column":null}},"46":{"start":{"line":125,"column":0},"end":{"line":125,"column":null}},"47":{"start":{"line":150,"column":0},"end":{"line":150,"column":null}},"48":{"start":{"line":151,"column":0},"end":{"line":151,"column":null}},"49":{"start":{"line":152,"column":0},"end":{"line":159,"column":null}},"50":{"start":{"line":153,"column":0},"end":{"line":158,"column":null}},"51":{"start":{"line":154,"column":0},"end":{"line":154,"column":null}},"52":{"start":{"line":157,"column":0},"end":{"line":157,"column":null}}},"fnMap":{"0":{"name":"(anonymous_1)","decl":{"start":{"line":35,"column":0},"end":{"line":35,"column":null}},"loc":{"start":{"line":35,"column":0},"end":{"line":51,"column":null}}},"1":{"name":"(anonymous_2)","decl":{"start":{"line":53,"column":0},"end":{"line":53,"column":null}},"loc":{"start":{"line":53,"column":0},"end":{"line":58,"column":null}}},"2":{"name":"(anonymous_3)","decl":{"start":{"line":59,"column":0},"end":{"line":59,"column":null}},"loc":{"start":{"line":59,"column":0},"end":{"line":70,"column":null}}},"3":{"name":"(anonymous_4)","decl":{"start":{"line":71,"column":0},"end":{"line":71,"column":null}},"loc":{"start":{"line":71,"column":0},"end":{"line":162,"column":null}}},"4":{"name":"(anonymous_5)","decl":{"start":{"line":152,"column":0},"end":{"line":152,"column":null}},"loc":{"start":{"line":152,"column":0},"end":{"line":159,"column":null}}}},"branchMap":{"0":{"loc":{"start":{"line":55,"column":0},"end":{"line":55,"column":null}},"type":"if","locations":[{"start":{"line":55,"column":0},"end":{"line":55,"column":null}},{"start":{"line":55,"column":0},"end":{"line":55,"column":null}}]},"1":{"loc":{"start":{"line":55,"column":0},"end":{"line":55,"column":null}},"type":"binary-expr","locations":[{"start":{"line":55,"column":0},"end":{"line":55,"column":null}},{"start":{"line":55,"column":0},"end":{"line":55,"column":null}},{"start":{"line":55,"column":0},"end":{"line":55,"column":null}},{"start":{"line":55,"column":0},"end":{"line":55,"column":null}},{"start":{"line":55,"column":0},"end":{"line":55,"column":null}}]},"2":{"loc":{"start":{"line":61,"column":0},"end":{"line":61,"column":null}},"type":"if","locations":[{"start":{"line":61,"column":0},"end":{"line":61,"column":null}},{"start":{"line":61,"column":0},"end":{"line":61,"column":null}}]},"3":{"loc":{"start":{"line":66,"column":0},"end":{"line":66,"column":null}},"type":"if","locations":[{"start":{"line":66,"column":0},"end":{"line":66,"column":null}},{"start":{"line":66,"column":0},"end":{"line":66,"column":null}}]},"4":{"loc":{"start":{"line":74,"column":0},"end":{"line":85,"column":null}},"type":"if","locations":[{"start":{"line":74,"column":0},"end":{"line":85,"column":null}},{"start":{"line":74,"column":0},"end":{"line":85,"column":null}}]},"5":{"loc":{"start":{"line":80,"column":0},"end":{"line":84,"column":null}},"type":"if","locations":[{"start":{"line":80,"column":0},"end":{"line":84,"column":null}},{"start":{"line":80,"column":0},"end":{"line":84,"column":null}}]},"6":{"loc":{"start":{"line":88,"column":0},"end":{"line":98,"column":null}},"type":"if","locations":[{"start":{"line":88,"column":0},"end":{"line":98,"column":null}},{"start":{"line":88,"column":0},"end":{"line":98,"column":null}}]},"7":{"loc":{"start":{"line":93,"column":0},"end":{"line":98,"column":null}},"type":"if","locations":[{"start":{"line":93,"column":0},"end":{"line":98,"column":null}},{"start":{"line":93,"column":0},"end":{"line":98,"column":null}}]},"8":{"loc":{"start":{"line":93,"column":0},"end":{"line":93,"column":null}},"type":"binary-expr","locations":[{"start":{"line":93,"column":0},"end":{"line":93,"column":null}},{"start":{"line":93,"column":0},"end":{"line":93,"column":null}}]},"9":{"loc":{"start":{"line":101,"column":0},"end":{"line":111,"column":null}},"type":"if","locations":[{"start":{"line":101,"column":0},"end":{"line":111,"column":null}},{"start":{"line":101,"column":0},"end":{"line":111,"column":null}}]},"10":{"loc":{"start":{"line":106,"column":0},"end":{"line":111,"column":null}},"type":"if","locations":[{"start":{"line":106,"column":0},"end":{"line":111,"column":null}},{"start":{"line":106,"column":0},"end":{"line":111,"column":null}}]},"11":{"loc":{"start":{"line":106,"column":0},"end":{"line":106,"column":null}},"type":"binary-expr","locations":[{"start":{"line":106,"column":0},"end":{"line":106,"column":null}},{"start":{"line":106,"column":0},"end":{"line":106,"column":null}}]},"12":{"loc":{"start":{"line":116,"column":0},"end":{"line":121,"column":null}},"type":"if","locations":[{"start":{"line":116,"column":0},"end":{"line":121,"column":null}},{"start":{"line":116,"column":0},"end":{"line":121,"column":null}}]},"13":{"loc":{"start":{"line":153,"column":0},"end":{"line":158,"column":null}},"type":"if","locations":[{"start":{"line":153,"column":0},"end":{"line":158,"column":null}},{"start":{"line":153,"column":0},"end":{"line":158,"column":null}}]}},"s":{"0":3,"1":8,"2":16,"3":4,"4":7,"5":4,"6":4,"7":6,"8":4,"9":8,"10":8,"11":8,"12":1,"13":1,"14":1,"15":7,"16":7,"17":1,"18":1,"19":1,"20":6,"21":6,"22":1,"23":1,"24":1,"25":5,"26":1,"27":1,"28":1,"29":4,"30":4,"31":1,"32":1,"33":1,"34":3,"35":1,"36":1,"37":1,"38":2,"39":2,"40":2,"41":2,"42":1,"43":1,"44":1,"45":1,"46":1,"47":1,"48":1,"49":1,"50":1,"51":1,"52":0},"f":{"0":3,"1":8,"2":4,"3":8,"4":1},"b":{"0":[4,4],"1":[8,6,3,2,2],"2":[3,1],"3":[2,2],"4":[1,7],"5":[1,6],"6":[1,5],"7":[1,4],"8":[5,5],"9":[1,3],"10":[1,2],"11":[3,3],"12":[1,1],"13":[1,0]}}
}
