{"/Users/user/Desktop/web2.0/WeIns_F/src/components/release_blog.vue": {"path":"/Users/user/Desktop/web2.0/WeIns_F/src/components/release_blog.vue","statementMap":{"0":{"start":{"line":159,"column":0},"end":{"line":159,"column":null}},"1":{"start":{"line":176,"column":0},"end":{"line":176,"column":null}},"2":{"start":{"line":179,"column":0},"end":{"line":179,"column":null}},"3":{"start":{"line":180,"column":0},"end":{"line":180,"column":null}},"4":{"start":{"line":181,"column":0},"end":{"line":181,"column":null}},"5":{"start":{"line":184,"column":0},"end":{"line":184,"column":null}},"6":{"start":{"line":185,"column":0},"end":{"line":185,"column":null}},"7":{"start":{"line":186,"column":0},"end":{"line":186,"column":null}},"8":{"start":{"line":189,"column":0},"end":{"line":189,"column":null}},"9":{"start":{"line":190,"column":0},"end":{"line":190,"column":null}},"10":{"start":{"line":191,"column":0},"end":{"line":191,"column":null}},"11":{"start":{"line":194,"column":0},"end":{"line":197,"column":null}},"12":{"start":{"line":195,"column":0},"end":{"line":195,"column":null}},"13":{"start":{"line":196,"column":0},"end":{"line":196,"column":null}},"14":{"start":{"line":198,"column":0},"end":{"line":201,"column":null}},"15":{"start":{"line":199,"column":0},"end":{"line":199,"column":null}},"16":{"start":{"line":200,"column":0},"end":{"line":200,"column":null}},"17":{"start":{"line":202,"column":0},"end":{"line":205,"column":null}},"18":{"start":{"line":203,"column":0},"end":{"line":203,"column":null}},"19":{"start":{"line":204,"column":0},"end":{"line":204,"column":null}},"20":{"start":{"line":206,"column":0},"end":{"line":206,"column":null}},"21":{"start":{"line":209,"column":0},"end":{"line":209,"column":null}},"22":{"start":{"line":210,"column":0},"end":{"line":210,"column":null}},"23":{"start":{"line":213,"column":0},"end":{"line":226,"column":null}},"24":{"start":{"line":214,"column":0},"end":{"line":214,"column":null}},"25":{"start":{"line":215,"column":0},"end":{"line":215,"column":null}},"26":{"start":{"line":216,"column":0},"end":{"line":216,"column":null}},"27":{"start":{"line":217,"column":0},"end":{"line":219,"column":null}},"28":{"start":{"line":218,"column":0},"end":{"line":218,"column":null}},"29":{"start":{"line":220,"column":0},"end":{"line":222,"column":null}},"30":{"start":{"line":221,"column":0},"end":{"line":221,"column":null}},"31":{"start":{"line":223,"column":0},"end":{"line":225,"column":null}},"32":{"start":{"line":224,"column":0},"end":{"line":224,"column":null}},"33":{"start":{"line":229,"column":0},"end":{"line":229,"column":null}},"34":{"start":{"line":231,"column":0},"end":{"line":240,"column":null}},"35":{"start":{"line":232,"column":0},"end":{"line":232,"column":null}},"36":{"start":{"line":233,"column":0},"end":{"line":233,"column":null}},"37":{"start":{"line":237,"column":0},"end":{"line":237,"column":null}},"38":{"start":{"line":238,"column":0},"end":{"line":238,"column":null}},"39":{"start":{"line":241,"column":0},"end":{"line":241,"column":null}},"40":{"start":{"line":244,"column":0},"end":{"line":244,"column":null}},"41":{"start":{"line":245,"column":0},"end":{"line":245,"column":null}},"42":{"start":{"line":246,"column":0},"end":{"line":258,"column":null}},"43":{"start":{"line":247,"column":0},"end":{"line":247,"column":null}},"44":{"start":{"line":248,"column":0},"end":{"line":248,"column":null}},"45":{"start":{"line":249,"column":0},"end":{"line":249,"column":null}},"46":{"start":{"line":251,"column":0},"end":{"line":254,"column":null}},"47":{"start":{"line":252,"column":0},"end":{"line":252,"column":null}},"48":{"start":{"line":253,"column":0},"end":{"line":253,"column":null}},"49":{"start":{"line":255,"column":0},"end":{"line":255,"column":null}},"50":{"start":{"line":256,"column":0},"end":{"line":256,"column":null}},"51":{"start":{"line":257,"column":0},"end":{"line":257,"column":null}},"52":{"start":{"line":263,"column":0},"end":{"line":272,"column":null}},"53":{"start":{"line":263,"column":0},"end":{"line":263,"column":null}},"54":{"start":{"line":265,"column":0},"end":{"line":268,"column":null}},"55":{"start":{"line":266,"column":0},"end":{"line":266,"column":null}},"56":{"start":{"line":267,"column":0},"end":{"line":267,"column":null}},"57":{"start":{"line":269,"column":0},"end":{"line":269,"column":null}},"58":{"start":{"line":270,"column":0},"end":{"line":270,"column":null}},"59":{"start":{"line":271,"column":0},"end":{"line":271,"column":null}},"60":{"start":{"line":273,"column":0},"end":{"line":273,"column":null}},"61":{"start":{"line":277,"column":0},"end":{"line":277,"column":null}},"62":{"start":{"line":278,"column":0},"end":{"line":282,"column":null}},"63":{"start":{"line":280,"column":0},"end":{"line":280,"column":null}},"64":{"start":{"line":281,"column":0},"end":{"line":281,"column":null}},"65":{"start":{"line":283,"column":0},"end":{"line":283,"column":null}},"66":{"start":{"line":284,"column":0},"end":{"line":284,"column":null}},"67":{"start":{"line":287,"column":0},"end":{"line":287,"column":null}},"68":{"start":{"line":288,"column":0},"end":{"line":288,"column":null}},"69":{"start":{"line":291,"column":0},"end":{"line":291,"column":null}},"70":{"start":{"line":292,"column":0},"end":{"line":292,"column":null}},"71":{"start":{"line":295,"column":0},"end":{"line":295,"column":null}},"72":{"start":{"line":296,"column":0},"end":{"line":300,"column":null}},"73":{"start":{"line":297,"column":0},"end":{"line":299,"column":null}},"74":{"start":{"line":298,"column":0},"end":{"line":298,"column":null}},"75":{"start":{"line":301,"column":0},"end":{"line":301,"column":null}},"76":{"start":{"line":302,"column":0},"end":{"line":302,"column":null}},"77":{"start":{"line":305,"column":0},"end":{"line":305,"column":null}},"78":{"start":{"line":306,"column":0},"end":{"line":313,"column":null}},"79":{"start":{"line":307,"column":0},"end":{"line":311,"column":null}},"80":{"start":{"line":308,"column":0},"end":{"line":308,"column":null}},"81":{"start":{"line":309,"column":0},"end":{"line":309,"column":null}},"82":{"start":{"line":310,"column":0},"end":{"line":310,"column":null}},"83":{"start":{"line":311,"column":0},"end":{"line":311,"column":null}},"84":{"start":{"line":318,"column":0},"end":{"line":318,"column":null}}},"fnMap":{"0":{"name":"(anonymous_1)","decl":{"start":{"line":158,"column":0},"end":{"line":158,"column":null}},"loc":{"start":{"line":158,"column":0},"end":{"line":173,"column":null}}},"1":{"name":"(anonymous_2)","decl":{"start":{"line":175,"column":0},"end":{"line":175,"column":null}},"loc":{"start":{"line":175,"column":0},"end":{"line":177,"column":null}}},"2":{"name":"(anonymous_3)","decl":{"start":{"line":178,"column":0},"end":{"line":178,"column":null}},"loc":{"start":{"line":178,"column":0},"end":{"line":182,"column":null}}},"3":{"name":"(anonymous_4)","decl":{"start":{"line":183,"column":0},"end":{"line":183,"column":null}},"loc":{"start":{"line":183,"column":0},"end":{"line":187,"column":null}}},"4":{"name":"(anonymous_5)","decl":{"start":{"line":188,"column":0},"end":{"line":188,"column":null}},"loc":{"start":{"line":188,"column":0},"end":{"line":192,"column":null}}},"5":{"name":"(anonymous_6)","decl":{"start":{"line":193,"column":0},"end":{"line":193,"column":null}},"loc":{"start":{"line":193,"column":0},"end":{"line":207,"column":null}}},"6":{"name":"(anonymous_7)","decl":{"start":{"line":208,"column":0},"end":{"line":208,"column":null}},"loc":{"start":{"line":208,"column":0},"end":{"line":211,"column":null}}},"7":{"name":"(anonymous_8)","decl":{"start":{"line":212,"column":0},"end":{"line":212,"column":null}},"loc":{"start":{"line":212,"column":0},"end":{"line":227,"column":null}}},"8":{"name":"(anonymous_9)","decl":{"start":{"line":213,"column":0},"end":{"line":213,"column":null}},"loc":{"start":{"line":213,"column":0},"end":{"line":226,"column":null}}},"9":{"name":"(anonymous_10)","decl":{"start":{"line":217,"column":0},"end":{"line":217,"column":null}},"loc":{"start":{"line":217,"column":0},"end":{"line":219,"column":null}}},"10":{"name":"(anonymous_11)","decl":{"start":{"line":220,"column":0},"end":{"line":220,"column":null}},"loc":{"start":{"line":220,"column":0},"end":{"line":222,"column":null}}},"11":{"name":"(anonymous_12)","decl":{"start":{"line":223,"column":0},"end":{"line":223,"column":null}},"loc":{"start":{"line":223,"column":0},"end":{"line":225,"column":null}}},"12":{"name":"(anonymous_13)","decl":{"start":{"line":228,"column":0},"end":{"line":228,"column":null}},"loc":{"start":{"line":228,"column":0},"end":{"line":242,"column":null}}},"13":{"name":"(anonymous_14)","decl":{"start":{"line":231,"column":0},"end":{"line":231,"column":null}},"loc":{"start":{"line":231,"column":0},"end":{"line":240,"column":null}}},"14":{"name":"(anonymous_15)","decl":{"start":{"line":243,"column":0},"end":{"line":243,"column":null}},"loc":{"start":{"line":243,"column":0},"end":{"line":261,"column":null}}},"15":{"name":"(anonymous_16)","decl":{"start":{"line":262,"column":0},"end":{"line":262,"column":null}},"loc":{"start":{"line":262,"column":0},"end":{"line":274,"column":null}}},"16":{"name":"(anonymous_17)","decl":{"start":{"line":275,"column":0},"end":{"line":275,"column":null}},"loc":{"start":{"line":275,"column":0},"end":{"line":285,"column":null}}},"17":{"name":"(anonymous_18)","decl":{"start":{"line":286,"column":0},"end":{"line":286,"column":null}},"loc":{"start":{"line":286,"column":0},"end":{"line":289,"column":null}}},"18":{"name":"(anonymous_19)","decl":{"start":{"line":290,"column":0},"end":{"line":290,"column":null}},"loc":{"start":{"line":290,"column":0},"end":{"line":293,"column":null}}},"19":{"name":"(anonymous_20)","decl":{"start":{"line":294,"column":0},"end":{"line":294,"column":null}},"loc":{"start":{"line":294,"column":0},"end":{"line":303,"column":null}}},"20":{"name":"(anonymous_21)","decl":{"start":{"line":304,"column":0},"end":{"line":304,"column":null}},"loc":{"start":{"line":304,"column":0},"end":{"line":315,"column":null}}},"21":{"name":"(anonymous_22)","decl":{"start":{"line":306,"column":0},"end":{"line":306,"column":null}},"loc":{"start":{"line":306,"column":0},"end":{"line":313,"column":null}}},"22":{"name":"(anonymous_23)","decl":{"start":{"line":317,"column":0},"end":{"line":317,"column":null}},"loc":{"start":{"line":317,"column":0},"end":{"line":319,"column":null}}}},"branchMap":{"0":{"loc":{"start":{"line":194,"column":0},"end":{"line":197,"column":null}},"type":"if","locations":[{"start":{"line":194,"column":0},"end":{"line":197,"column":null}},{"start":{"line":194,"column":0},"end":{"line":197,"column":null}}]},"1":{"loc":{"start":{"line":198,"column":0},"end":{"line":201,"column":null}},"type":"if","locations":[{"start":{"line":198,"column":0},"end":{"line":201,"column":null}},{"start":{"line":198,"column":0},"end":{"line":201,"column":null}}]},"2":{"loc":{"start":{"line":202,"column":0},"end":{"line":205,"column":null}},"type":"if","locations":[{"start":{"line":202,"column":0},"end":{"line":205,"column":null}},{"start":{"line":202,"column":0},"end":{"line":205,"column":null}}]},"3":{"loc":{"start":{"line":229,"column":0},"end":{"line":229,"column":null}},"type":"if","locations":[{"start":{"line":229,"column":0},"end":{"line":229,"column":null}},{"start":{"line":229,"column":0},"end":{"line":229,"column":null}}]},"4":{"loc":{"start":{"line":246,"column":0},"end":{"line":258,"column":null}},"type":"if","locations":[{"start":{"line":246,"column":0},"end":{"line":258,"column":null}},{"start":{"line":246,"column":0},"end":{"line":258,"column":null}}]},"5":{"loc":{"start":{"line":251,"column":0},"end":{"line":254,"column":null}},"type":"if","locations":[{"start":{"line":251,"column":0},"end":{"line":254,"column":null}},{"start":{"line":251,"column":0},"end":{"line":254,"column":null}}]},"6":{"loc":{"start":{"line":263,"column":0},"end":{"line":272,"column":null}},"type":"if","locations":[{"start":{"line":263,"column":0},"end":{"line":272,"column":null}},{"start":{"line":263,"column":0},"end":{"line":272,"column":null}}]},"7":{"loc":{"start":{"line":265,"column":0},"end":{"line":268,"column":null}},"type":"if","locations":[{"start":{"line":265,"column":0},"end":{"line":268,"column":null}},{"start":{"line":265,"column":0},"end":{"line":268,"column":null}}]},"8":{"loc":{"start":{"line":278,"column":0},"end":{"line":282,"column":null}},"type":"if","locations":[{"start":{"line":278,"column":0},"end":{"line":282,"column":null}},{"start":{"line":278,"column":0},"end":{"line":282,"column":null}}]},"9":{"loc":{"start":{"line":297,"column":0},"end":{"line":299,"column":null}},"type":"if","locations":[{"start":{"line":297,"column":0},"end":{"line":299,"column":null}},{"start":{"line":297,"column":0},"end":{"line":299,"column":null}}]},"10":{"loc":{"start":{"line":307,"column":0},"end":{"line":311,"column":null}},"type":"if","locations":[{"start":{"line":307,"column":0},"end":{"line":311,"column":null}},{"start":{"line":307,"column":0},"end":{"line":311,"column":null}}]}},"s":{"0":2,"1":11,"2":2,"3":2,"4":2,"5":1,"6":1,"7":1,"8":1,"9":1,"10":1,"11":4,"12":1,"13":1,"14":3,"15":1,"16":1,"17":2,"18":1,"19":1,"20":1,"21":2,"22":2,"23":0,"24":0,"25":0,"26":0,"27":0,"28":0,"29":0,"30":0,"31":0,"32":0,"33":0,"34":0,"35":0,"36":0,"37":0,"38":0,"39":0,"40":2,"41":2,"42":2,"43":1,"44":1,"45":1,"46":1,"47":1,"48":1,"49":0,"50":0,"51":0,"52":2,"53":1,"54":1,"55":1,"56":1,"57":0,"58":0,"59":0,"60":1,"61":2,"62":2,"63":1,"64":1,"65":2,"66":2,"67":1,"68":1,"69":1,"70":1,"71":1,"72":1,"73":9,"74":2,"75":1,"76":1,"77":3,"78":3,"79":3,"80":3,"81":3,"82":3,"83":0,"84":2},"f":{"0":2,"1":11,"2":2,"3":1,"4":1,"5":4,"6":2,"7":0,"8":0,"9":0,"10":0,"11":0,"12":0,"13":0,"14":2,"15":2,"16":2,"17":1,"18":1,"19":1,"20":3,"21":3,"22":2},"b":{"0":[1,3],"1":[1,2],"2":[1,1],"3":[0,0],"4":[1,1],"5":[1,0],"6":[1,1],"7":[1,0],"8":[1,1],"9":[2,7],"10":[3,0]}}
,"/Users/user/Desktop/web2.0/WeIns_F/src/components/signinForm.vue": {"path":"/Users/user/Desktop/web2.0/WeIns_F/src/components/signinForm.vue","statementMap":{"0":{"start":{"line":47,"column":0},"end":{"line":47,"column":null}},"1":{"start":{"line":73,"column":0},"end":{"line":116,"column":null}},"2":{"start":{"line":74,"column":0},"end":{"line":74,"column":null}},"3":{"start":{"line":76,"column":0},"end":{"line":76,"column":null}},"4":{"start":{"line":112,"column":0},"end":{"line":115,"column":null}},"5":{"start":{"line":113,"column":0},"end":{"line":113,"column":null}},"6":{"start":{"line":117,"column":0},"end":{"line":117,"column":null}},"7":{"start":{"line":121,"column":0},"end":{"line":121,"column":null}}},"fnMap":{"0":{"name":"(anonymous_1)","decl":{"start":{"line":46,"column":0},"end":{"line":46,"column":null}},"loc":{"start":{"line":46,"column":0},"end":{"line":70,"column":null}}},"1":{"name":"(anonymous_2)","decl":{"start":{"line":72,"column":0},"end":{"line":72,"column":null}},"loc":{"start":{"line":72,"column":0},"end":{"line":118,"column":null}}},"2":{"name":"(anonymous_3)","decl":{"start":{"line":112,"column":0},"end":{"line":112,"column":null}},"loc":{"start":{"line":112,"column":0},"end":{"line":115,"column":null}}},"3":{"name":"(anonymous_4)","decl":{"start":{"line":119,"column":0},"end":{"line":119,"column":null}},"loc":{"start":{"line":119,"column":0},"end":{"line":122,"column":null}}}},"branchMap":{"0":{"loc":{"start":{"line":73,"column":0},"end":{"line":116,"column":null}},"type":"if","locations":[{"start":{"line":73,"column":0},"end":{"line":116,"column":null}},{"start":{"line":73,"column":0},"end":{"line":116,"column":null}}]},"1":{"loc":{"start":{"line":113,"column":0},"end":{"line":113,"column":null}},"type":"if","locations":[{"start":{"line":113,"column":0},"end":{"line":113,"column":null}},{"start":{"line":113,"column":0},"end":{"line":113,"column":null}}]}},"s":{"0":4,"1":3,"2":1,"3":1,"4":1,"5":2,"6":2,"7":1},"f":{"0":4,"1":3,"2":1,"3":1},"b":{"0":[1,2],"1":[1,0]}}
,"/Users/user/Desktop/web2.0/WeIns_F/src/components/signupForm.vue": {"path":"/Users/user/Desktop/web2.0/WeIns_F/src/components/signupForm.vue","statementMap":{"0":{"start":{"line":36,"column":0},"end":{"line":36,"column":null}},"1":{"start":{"line":54,"column":0},"end":{"line":54,"column":null}},"2":{"start":{"line":55,"column":0},"end":{"line":55,"column":null}},"3":{"start":{"line":60,"column":0},"end":{"line":60,"column":null}},"4":{"start":{"line":61,"column":0},"end":{"line":61,"column":null}},"5":{"start":{"line":63,"column":0},"end":{"line":63,"column":null}},"6":{"start":{"line":64,"column":0},"end":{"line":64,"column":null}},"7":{"start":{"line":66,"column":0},"end":{"line":66,"column":null}},"8":{"start":{"line":69,"column":0},"end":{"line":69,"column":null}},"9":{"start":{"line":72,"column":0},"end":{"line":72,"column":null}},"10":{"start":{"line":73,"column":0},"end":{"line":73,"column":null}},"11":{"start":{"line":74,"column":0},"end":{"line":85,"column":null}},"12":{"start":{"line":75,"column":0},"end":{"line":75,"column":null}},"13":{"start":{"line":76,"column":0},"end":{"line":76,"column":null}},"14":{"start":{"line":77,"column":0},"end":{"line":77,"column":null}},"15":{"start":{"line":79,"column":0},"end":{"line":79,"column":null}},"16":{"start":{"line":80,"column":0},"end":{"line":84,"column":null}},"17":{"start":{"line":81,"column":0},"end":{"line":81,"column":null}},"18":{"start":{"line":82,"column":0},"end":{"line":82,"column":null}},"19":{"start":{"line":83,"column":0},"end":{"line":83,"column":null}},"20":{"start":{"line":87,"column":0},"end":{"line":87,"column":null}},"21":{"start":{"line":88,"column":0},"end":{"line":98,"column":null}},"22":{"start":{"line":89,"column":0},"end":{"line":89,"column":null}},"23":{"start":{"line":91,"column":0},"end":{"line":91,"column":null}},"24":{"start":{"line":92,"column":0},"end":{"line":92,"column":null}},"25":{"start":{"line":93,"column":0},"end":{"line":98,"column":null}},"26":{"start":{"line":94,"column":0},"end":{"line":94,"column":null}},"27":{"start":{"line":96,"column":0},"end":{"line":96,"column":null}},"28":{"start":{"line":97,"column":0},"end":{"line":97,"column":null}},"29":{"start":{"line":100,"column":0},"end":{"line":100,"column":null}},"30":{"start":{"line":101,"column":0},"end":{"line":111,"column":null}},"31":{"start":{"line":102,"column":0},"end":{"line":102,"column":null}},"32":{"start":{"line":104,"column":0},"end":{"line":104,"column":null}},"33":{"start":{"line":105,"column":0},"end":{"line":105,"column":null}},"34":{"start":{"line":106,"column":0},"end":{"line":111,"column":null}},"35":{"start":{"line":107,"column":0},"end":{"line":107,"column":null}},"36":{"start":{"line":109,"column":0},"end":{"line":109,"column":null}},"37":{"start":{"line":110,"column":0},"end":{"line":110,"column":null}},"38":{"start":{"line":113,"column":0},"end":{"line":113,"column":null}},"39":{"start":{"line":114,"column":0},"end":{"line":114,"column":null}},"40":{"start":{"line":115,"column":0},"end":{"line":115,"column":null}},"41":{"start":{"line":116,"column":0},"end":{"line":121,"column":null}},"42":{"start":{"line":117,"column":0},"end":{"line":117,"column":null}},"43":{"start":{"line":119,"column":0},"end":{"line":119,"column":null}},"44":{"start":{"line":120,"column":0},"end":{"line":120,"column":null}},"45":{"start":{"line":123,"column":0},"end":{"line":123,"column":null}},"46":{"start":{"line":125,"column":0},"end":{"line":125,"column":null}},"47":{"start":{"line":150,"column":0},"end":{"line":150,"column":null}},"48":{"start":{"line":151,"column":0},"end":{"line":151,"column":null}},"49":{"start":{"line":152,"column":0},"end":{"line":159,"column":null}},"50":{"start":{"line":153,"column":0},"end":{"line":158,"column":null}},"51":{"start":{"line":154,"column":0},"end":{"line":154,"column":null}},"52":{"start":{"line":157,"column":0},"end":{"line":157,"column":null}}},"fnMap":{"0":{"name":"(anonymous_1)","decl":{"start":{"line":35,"column":0},"end":{"line":35,"column":null}},"loc":{"start":{"line":35,"column":0},"end":{"line":51,"column":null}}},"1":{"name":"(anonymous_2)","decl":{"start":{"line":53,"column":0},"end":{"line":53,"column":null}},"loc":{"start":{"line":53,"column":0},"end":{"line":58,"column":null}}},"2":{"name":"(anonymous_3)","decl":{"start":{"line":59,"column":0},"end":{"line":59,"column":null}},"loc":{"start":{"line":59,"column":0},"end":{"line":70,"column":null}}},"3":{"name":"(anonymous_4)","decl":{"start":{"line":71,"column":0},"end":{"line":71,"column":null}},"loc":{"start":{"line":71,"column":0},"end":{"line":162,"column":null}}},"4":{"name":"(anonymous_5)","decl":{"start":{"line":152,"column":0},"end":{"line":152,"column":null}},"loc":{"start":{"line":152,"column":0},"end":{"line":159,"column":null}}}},"branchMap":{"0":{"loc":{"start":{"line":55,"column":0},"end":{"line":55,"column":null}},"type":"if","locations":[{"start":{"line":55,"column":0},"end":{"line":55,"column":null}},{"start":{"line":55,"column":0},"end":{"line":55,"column":null}}]},"1":{"loc":{"start":{"line":55,"column":0},"end":{"line":55,"column":null}},"type":"binary-expr","locations":[{"start":{"line":55,"column":0},"end":{"line":55,"column":null}},{"start":{"line":55,"column":0},"end":{"line":55,"column":null}},{"start":{"line":55,"column":0},"end":{"line":55,"column":null}},{"start":{"line":55,"column":0},"end":{"line":55,"column":null}},{"start":{"line":55,"column":0},"end":{"line":55,"column":null}}]},"2":{"loc":{"start":{"line":61,"column":0},"end":{"line":61,"column":null}},"type":"if","locations":[{"start":{"line":61,"column":0},"end":{"line":61,"column":null}},{"start":{"line":61,"column":0},"end":{"line":61,"column":null}}]},"3":{"loc":{"start":{"line":66,"column":0},"end":{"line":66,"column":null}},"type":"if","locations":[{"start":{"line":66,"column":0},"end":{"line":66,"column":null}},{"start":{"line":66,"column":0},"end":{"line":66,"column":null}}]},"4":{"loc":{"start":{"line":74,"column":0},"end":{"line":85,"column":null}},"type":"if","locations":[{"start":{"line":74,"column":0},"end":{"line":85,"column":null}},{"start":{"line":74,"column":0},"end":{"line":85,"column":null}}]},"5":{"loc":{"start":{"line":80,"column":0},"end":{"line":84,"column":null}},"type":"if","locations":[{"start":{"line":80,"column":0},"end":{"line":84,"column":null}},{"start":{"line":80,"column":0},"end":{"line":84,"column":null}}]},"6":{"loc":{"start":{"line":88,"column":0},"end":{"line":98,"column":null}},"type":"if","locations":[{"start":{"line":88,"column":0},"end":{"line":98,"column":null}},{"start":{"line":88,"column":0},"end":{"line":98,"column":null}}]},"7":{"loc":{"start":{"line":93,"column":0},"end":{"line":98,"column":null}},"type":"if","locations":[{"start":{"line":93,"column":0},"end":{"line":98,"column":null}},{"start":{"line":93,"column":0},"end":{"line":98,"column":null}}]},"8":{"loc":{"start":{"line":93,"column":0},"end":{"line":93,"column":null}},"type":"binary-expr","locations":[{"start":{"line":93,"column":0},"end":{"line":93,"column":null}},{"start":{"line":93,"column":0},"end":{"line":93,"column":null}}]},"9":{"loc":{"start":{"line":101,"column":0},"end":{"line":111,"column":null}},"type":"if","locations":[{"start":{"line":101,"column":0},"end":{"line":111,"column":null}},{"start":{"line":101,"column":0},"end":{"line":111,"column":null}}]},"10":{"loc":{"start":{"line":106,"column":0},"end":{"line":111,"column":null}},"type":"if","locations":[{"start":{"line":106,"column":0},"end":{"line":111,"column":null}},{"start":{"line":106,"column":0},"end":{"line":111,"column":null}}]},"11":{"loc":{"start":{"line":106,"column":0},"end":{"line":106,"column":null}},"type":"binary-expr","locations":[{"start":{"line":106,"column":0},"end":{"line":106,"column":null}},{"start":{"line":106,"column":0},"end":{"line":106,"column":null}}]},"12":{"loc":{"start":{"line":116,"column":0},"end":{"line":121,"column":null}},"type":"if","locations":[{"start":{"line":116,"column":0},"end":{"line":121,"column":null}},{"start":{"line":116,"column":0},"end":{"line":121,"column":null}}]},"13":{"loc":{"start":{"line":153,"column":0},"end":{"line":158,"column":null}},"type":"if","locations":[{"start":{"line":153,"column":0},"end":{"line":158,"column":null}},{"start":{"line":153,"column":0},"end":{"line":158,"column":null}}]}},"s":{"0":3,"1":8,"2":16,"3":4,"4":7,"5":4,"6":4,"7":6,"8":4,"9":8,"10":8,"11":8,"12":1,"13":1,"14":1,"15":7,"16":7,"17":1,"18":1,"19":1,"20":6,"21":6,"22":1,"23":1,"24":1,"25":5,"26":1,"27":1,"28":1,"29":4,"30":4,"31":1,"32":1,"33":1,"34":3,"35":1,"36":1,"37":1,"38":2,"39":2,"40":2,"41":2,"42":1,"43":1,"44":1,"45":1,"46":1,"47":1,"48":1,"49":1,"50":1,"51":1,"52":0},"f":{"0":3,"1":8,"2":4,"3":8,"4":1},"b":{"0":[4,4],"1":[8,6,3,2,2],"2":[3,1],"3":[2,2],"4":[1,7],"5":[1,6],"6":[1,5],"7":[1,4],"8":[5,5],"9":[1,3],"10":[1,2],"11":[3,3],"12":[1,1],"13":[1,0]}}
,"/Users/user/Desktop/web2.0/WeIns_F/src/components/topnav.vue": {"path":"/Users/user/Desktop/web2.0/WeIns_F/src/components/topnav.vue","statementMap":{"0":{"start":{"line":76,"column":0},"end":{"line":76,"column":null}},"1":{"start":{"line":80,"column":0},"end":{"line":80,"column":null}},"2":{"start":{"line":102,"column":0},"end":{"line":102,"column":null}},"3":{"start":{"line":103,"column":0},"end":{"line":116,"column":null}},"4":{"start":{"line":104,"column":0},"end":{"line":114,"column":null}},"5":{"start":{"line":105,"column":0},"end":{"line":112,"column":null}},"6":{"start":{"line":113,"column":0},"end":{"line":113,"column":null}},"7":{"start":{"line":114,"column":0},"end":{"line":114,"column":null}},"8":{"start":{"line":120,"column":0},"end":{"line":120,"column":null}},"9":{"start":{"line":121,"column":0},"end":{"line":121,"column":null}},"10":{"start":{"line":122,"column":0},"end":{"line":122,"column":null}},"11":{"start":{"line":123,"column":0},"end":{"line":125,"column":null}},"12":{"start":{"line":124,"column":0},"end":{"line":124,"column":null}},"13":{"start":{"line":126,"column":0},"end":{"line":126,"column":null}},"14":{"start":{"line":129,"column":0},"end":{"line":131,"column":null}},"15":{"start":{"line":130,"column":0},"end":{"line":130,"column":null}},"16":{"start":{"line":135,"column":0},"end":{"line":135,"column":null}},"17":{"start":{"line":138,"column":0},"end":{"line":138,"column":null}},"18":{"start":{"line":141,"column":0},"end":{"line":141,"column":null}},"19":{"start":{"line":143,"column":0},"end":{"line":150,"column":null}},"20":{"start":{"line":145,"column":0},"end":{"line":145,"column":null}},"21":{"start":{"line":146,"column":0},"end":{"line":146,"column":null}},"22":{"start":{"line":147,"column":0},"end":{"line":147,"column":null}},"23":{"start":{"line":148,"column":0},"end":{"line":148,"column":null}},"24":{"start":{"line":149,"column":0},"end":{"line":149,"column":null}},"25":{"start":{"line":153,"column":0},"end":{"line":153,"column":null}},"26":{"start":{"line":156,"column":0},"end":{"line":156,"column":null}},"27":{"start":{"line":159,"column":0},"end":{"line":159,"column":null}},"28":{"start":{"line":162,"column":0},"end":{"line":162,"column":null}},"29":{"start":{"line":166,"column":0},"end":{"line":166,"column":null}},"30":{"start":{"line":169,"column":0},"end":{"line":169,"column":null}}},"fnMap":{"0":{"name":"(anonymous_1)","decl":{"start":{"line":79,"column":0},"end":{"line":79,"column":null}},"loc":{"start":{"line":79,"column":0},"end":{"line":99,"column":null}}},"1":{"name":"(anonymous_2)","decl":{"start":{"line":101,"column":0},"end":{"line":101,"column":null}},"loc":{"start":{"line":101,"column":0},"end":{"line":118,"column":null}}},"2":{"name":"(anonymous_3)","decl":{"start":{"line":103,"column":0},"end":{"line":103,"column":null}},"loc":{"start":{"line":103,"column":0},"end":{"line":116,"column":null}}},"3":{"name":"(anonymous_4)","decl":{"start":{"line":119,"column":0},"end":{"line":119,"column":null}},"loc":{"start":{"line":119,"column":0},"end":{"line":127,"column":null}}},"4":{"name":"(anonymous_5)","decl":{"start":{"line":123,"column":0},"end":{"line":123,"column":null}},"loc":{"start":{"line":123,"column":0},"end":{"line":125,"column":null}}},"5":{"name":"(anonymous_6)","decl":{"start":{"line":128,"column":0},"end":{"line":128,"column":null}},"loc":{"start":{"line":128,"column":0},"end":{"line":133,"column":null}}},"6":{"name":"(anonymous_7)","decl":{"start":{"line":129,"column":0},"end":{"line":129,"column":null}},"loc":{"start":{"line":129,"column":0},"end":{"line":131,"column":null}}},"7":{"name":"(anonymous_8)","decl":{"start":{"line":134,"column":0},"end":{"line":134,"column":null}},"loc":{"start":{"line":134,"column":0},"end":{"line":136,"column":null}}},"8":{"name":"(anonymous_9)","decl":{"start":{"line":137,"column":0},"end":{"line":137,"column":null}},"loc":{"start":{"line":137,"column":0},"end":{"line":139,"column":null}}},"9":{"name":"(anonymous_10)","decl":{"start":{"line":140,"column":0},"end":{"line":140,"column":null}},"loc":{"start":{"line":140,"column":0},"end":{"line":151,"column":null}}},"10":{"name":"(anonymous_11)","decl":{"start":{"line":152,"column":0},"end":{"line":152,"column":null}},"loc":{"start":{"line":152,"column":0},"end":{"line":154,"column":null}}},"11":{"name":"(anonymous_12)","decl":{"start":{"line":155,"column":0},"end":{"line":155,"column":null}},"loc":{"start":{"line":155,"column":0},"end":{"line":157,"column":null}}},"12":{"name":"(anonymous_13)","decl":{"start":{"line":158,"column":0},"end":{"line":158,"column":null}},"loc":{"start":{"line":158,"column":0},"end":{"line":160,"column":null}}},"13":{"name":"(anonymous_14)","decl":{"start":{"line":161,"column":0},"end":{"line":161,"column":null}},"loc":{"start":{"line":161,"column":0},"end":{"line":163,"column":null}}},"14":{"name":"(anonymous_15)","decl":{"start":{"line":165,"column":0},"end":{"line":165,"column":null}},"loc":{"start":{"line":165,"column":0},"end":{"line":167,"column":null}}},"15":{"name":"(anonymous_16)","decl":{"start":{"line":168,"column":0},"end":{"line":168,"column":null}},"loc":{"start":{"line":168,"column":0},"end":{"line":170,"column":null}}}},"branchMap":{"0":{"loc":{"start":{"line":104,"column":0},"end":{"line":114,"column":null}},"type":"if","locations":[{"start":{"line":104,"column":0},"end":{"line":114,"column":null}},{"start":{"line":104,"column":0},"end":{"line":114,"column":null}}]},"1":{"loc":{"start":{"line":121,"column":0},"end":{"line":121,"column":null}},"type":"cond-expr","locations":[{"start":{"line":121,"column":0},"end":{"line":121,"column":null}},{"start":{"line":121,"column":0},"end":{"line":121,"column":null}}]},"2":{"loc":{"start":{"line":141,"column":0},"end":{"line":141,"column":null}},"type":"if","locations":[{"start":{"line":141,"column":0},"end":{"line":141,"column":null}},{"start":{"line":141,"column":0},"end":{"line":141,"column":null}}]},"3":{"loc":{"start":{"line":143,"column":0},"end":{"line":150,"column":null}},"type":"if","locations":[{"start":{"line":143,"column":0},"end":{"line":150,"column":null}},{"start":{"line":143,"column":0},"end":{"line":150,"column":null}}]}},"s":{"0":1,"1":2,"2":2,"3":2,"4":0,"5":0,"6":0,"7":0,"8":1,"9":1,"10":0,"11":0,"12":0,"13":0,"14":1,"15":0,"16":0,"17":0,"18":0,"19":0,"20":0,"21":0,"22":0,"23":0,"24":0,"25":0,"26":0,"27":0,"28":0,"29":2,"30":0},"f":{"0":2,"1":2,"2":0,"3":1,"4":0,"5":1,"6":0,"7":0,"8":0,"9":0,"10":0,"11":0,"12":0,"13":0,"14":2,"15":0},"b":{"0":[0,0],"1":[1,0],"2":[0,0],"3":[0,0]}}
}
