TN:
SF:/Users/user/Desktop/web2.0/WeIns_F/src/assets/image/poster_1.png
FNF:0
FNH:0
DA:1,2
LF:1
LH:1
BRF:0
BRH:0
end_of_record
TN:
SF:/Users/user/Desktop/web2.0/WeIns_F/src/assets/image/poster_2.png
FNF:0
FNH:0
DA:1,2
LF:1
LH:1
BRF:0
BRH:0
end_of_record
TN:
SF:/Users/user/Desktop/web2.0/WeIns_F/src/components/blog.vue
FN:117,(anonymous_1)
FN:154,(anonymous_2)
FN:156,(anonymous_3)
FN:161,(anonymous_4)
FN:165,(anonymous_5)
FN:170,(anonymous_6)
FN:183,(anonymous_7)
FN:197,(anonymous_8)
FN:203,(anonymous_9)
FN:210,(anonymous_10)
FNF:10
FNH:10
FNDA:2,(anonymous_1)
FNDA:3,(anonymous_2)
FNDA:3,(anonymous_3)
FNDA:1,(anonymous_4)
FNDA:1,(anonymous_5)
FNDA:2,(anonymous_6)
FNDA:2,(anonymous_7)
FNDA:1,(anonymous_8)
FNDA:1,(anonymous_9)
FNDA:2,(anonymous_10)
DA:110,2
DA:111,2
DA:112,2
DA:118,2
DA:155,3
DA:156,3
DA:157,6
DA:162,1
DA:163,1
DA:166,1
DA:167,1
DA:171,2
DA:172,1
DA:173,1
DA:174,1
DA:175,1
DA:177,1
DA:178,1
DA:179,1
DA:180,1
DA:184,2
DA:185,1
DA:186,1
DA:187,1
DA:188,1
DA:190,1
DA:191,1
DA:193,1
DA:194,1
DA:198,1
DA:199,1
DA:200,1
DA:204,1
DA:205,1
DA:211,2
LF:35
LH:35
BRDA:157,0,0,3
BRDA:157,0,1,0
BRDA:171,1,0,1
BRDA:171,1,1,1
BRDA:184,2,0,1
BRDA:184,2,1,1
BRF:6
BRH:5
end_of_record
TN:
SF:/Users/user/Desktop/web2.0/WeIns_F/src/components/information.vue
FN:105,(anonymous_1)
FN:122,(anonymous_2)
FN:126,(anonymous_3)
FN:138,(anonymous_4)
FN:152,(anonymous_5)
FN:157,(anonymous_6)
FN:169,(anonymous_7)
FN:176,(anonymous_8)
FN:194,(anonymous_9)
FN:199,(anonymous_10)
FN:212,(anonymous_11)
FNF:11
FNH:11
FNDA:3,(anonymous_1)
FNDA:3,(anonymous_2)
FNDA:12,(anonymous_3)
FNDA:6,(anonymous_4)
FNDA:6,(anonymous_5)
FNDA:3,(anonymous_6)
FNDA:1,(anonymous_7)
FNDA:3,(anonymous_8)
FNDA:3,(anonymous_9)
FNDA:2,(anonymous_10)
FNDA:2,(anonymous_11)
DA:106,3
DA:123,3
DA:127,12
DA:129,1
DA:131,2
DA:133,1
DA:135,8
DA:139,6
DA:140,1
DA:141,1
DA:144,5
DA:145,3
DA:146,3
DA:149,2
DA:150,2
DA:153,6
DA:154,6
DA:155,6
DA:158,3
DA:159,3
DA:160,3
DA:161,3
DA:162,3
DA:163,3
DA:164,3
DA:165,6
DA:166,3
DA:170,1
DA:171,1
DA:172,1
DA:173,1
DA:174,1
DA:177,3
DA:178,3
DA:179,3
DA:180,3
DA:194,3
DA:195,6
DA:200,2
DA:201,1
DA:202,1
DA:203,1
DA:207,1
DA:208,1
DA:209,1
DA:213,2
DA:214,1
DA:215,1
DA:216,1
DA:220,1
DA:221,1
DA:222,1
LF:52
LH:52
BRDA:128,0,0,1
BRDA:128,0,1,2
BRDA:128,0,2,1
BRDA:128,0,3,8
BRDA:139,1,0,1
BRDA:139,1,1,5
BRDA:144,2,0,3
BRDA:144,2,1,2
BRDA:165,3,0,3
BRDA:165,3,1,0
BRDA:195,4,0,3
BRDA:195,4,1,0
BRDA:200,5,0,1
BRDA:200,5,1,1
BRDA:213,6,0,1
BRDA:213,6,1,1
BRF:16
BRH:14
end_of_record
TN:
SF:/Users/user/Desktop/web2.0/WeIns_F/src/components/issue.vue
FN:45,(anonymous_1)
FN:50,(anonymous_2)
FNF:2
FNH:2
FNDA:1,(anonymous_1)
FNDA:1,(anonymous_2)
DA:36,1
DA:37,1
DA:38,1
DA:39,1
DA:46,1
LF:5
LH:5
BRF:0
BRH:0
end_of_record
TN:
SF:/Users/user/Desktop/web2.0/WeIns_F/src/components/personalcard.vue
FN:26,(anonymous_1)
FN:44,(anonymous_2)
FN:48,(anonymous_3)
FNF:3
FNH:3
FNDA:1,(anonymous_1)
FNDA:1,(anonymous_2)
FNDA:1,(anonymous_3)
DA:27,1
DA:45,1
DA:49,1
DA:50,1
DA:51,1
DA:52,1
LF:6
LH:6
BRDA:52,0,0,0
BRDA:52,0,1,1
BRF:2
BRH:1
end_of_record
TN:
SF:/Users/user/Desktop/web2.0/WeIns_F/src/components/release_blog.vue
FN:158,(anonymous_1)
FN:175,(anonymous_2)
FN:178,(anonymous_3)
FN:183,(anonymous_4)
FN:188,(anonymous_5)
FN:193,(anonymous_6)
FN:208,(anonymous_7)
FN:212,(anonymous_8)
FN:213,(anonymous_9)
FN:217,(anonymous_10)
FN:220,(anonymous_11)
FN:223,(anonymous_12)
FN:228,(anonymous_13)
FN:231,(anonymous_14)
FN:243,(anonymous_15)
FN:262,(anonymous_16)
FN:275,(anonymous_17)
FN:286,(anonymous_18)
FN:290,(anonymous_19)
FN:294,(anonymous_20)
FN:304,(anonymous_21)
FN:306,(anonymous_22)
FN:317,(anonymous_23)
FNF:23
FNH:16
FNDA:2,(anonymous_1)
FNDA:11,(anonymous_2)
FNDA:2,(anonymous_3)
FNDA:1,(anonymous_4)
FNDA:1,(anonymous_5)
FNDA:4,(anonymous_6)
FNDA:2,(anonymous_7)
FNDA:0,(anonymous_8)
FNDA:0,(anonymous_9)
FNDA:0,(anonymous_10)
FNDA:0,(anonymous_11)
FNDA:0,(anonymous_12)
FNDA:0,(anonymous_13)
FNDA:0,(anonymous_14)
FNDA:2,(anonymous_15)
FNDA:2,(anonymous_16)
FNDA:2,(anonymous_17)
FNDA:1,(anonymous_18)
FNDA:1,(anonymous_19)
FNDA:1,(anonymous_20)
FNDA:3,(anonymous_21)
FNDA:3,(anonymous_22)
FNDA:2,(anonymous_23)
DA:159,2
DA:176,11
DA:179,2
DA:180,2
DA:181,2
DA:184,1
DA:185,1
DA:186,1
DA:189,1
DA:190,1
DA:191,1
DA:194,4
DA:195,1
DA:196,1
DA:198,3
DA:199,1
DA:200,1
DA:202,2
DA:203,1
DA:204,1
DA:206,1
DA:209,2
DA:210,2
DA:213,0
DA:214,0
DA:215,0
DA:216,0
DA:217,0
DA:218,0
DA:220,0
DA:221,0
DA:223,0
DA:224,0
DA:229,0
DA:231,0
DA:232,0
DA:233,0
DA:237,0
DA:238,0
DA:241,0
DA:244,2
DA:245,2
DA:246,2
DA:247,1
DA:248,1
DA:249,1
DA:251,1
DA:252,1
DA:253,1
DA:255,0
DA:256,0
DA:257,0
DA:263,2
DA:265,1
DA:266,1
DA:267,1
DA:269,0
DA:270,0
DA:271,0
DA:273,1
DA:277,2
DA:278,2
DA:280,1
DA:281,1
DA:283,2
DA:284,2
DA:287,1
DA:288,1
DA:291,1
DA:292,1
DA:295,1
DA:296,1
DA:297,9
DA:298,2
DA:301,1
DA:302,1
DA:305,3
DA:306,3
DA:307,3
DA:308,3
DA:309,3
DA:310,3
DA:311,0
DA:318,2
LF:84
LH:60
BRDA:194,0,0,1
BRDA:194,0,1,3
BRDA:198,1,0,1
BRDA:198,1,1,2
BRDA:202,2,0,1
BRDA:202,2,1,1
BRDA:229,3,0,0
BRDA:229,3,1,0
BRDA:246,4,0,1
BRDA:246,4,1,1
BRDA:251,5,0,1
BRDA:251,5,1,0
BRDA:263,6,0,1
BRDA:263,6,1,1
BRDA:265,7,0,1
BRDA:265,7,1,0
BRDA:278,8,0,1
BRDA:278,8,1,1
BRDA:297,9,0,2
BRDA:297,9,1,7
BRDA:307,10,0,3
BRDA:307,10,1,0
BRF:22
BRH:17
end_of_record
TN:
SF:/Users/user/Desktop/web2.0/WeIns_F/src/components/share.vue
FN:38,(anonymous_1)
FN:63,(anonymous_2)
FN:67,(anonymous_3)
FNF:3
FNH:3
FNDA:1,(anonymous_1)
FNDA:1,(anonymous_2)
FNDA:1,(anonymous_3)
DA:39,1
DA:64,1
DA:68,1
DA:70,1
DA:71,1
LF:5
LH:5
BRF:0
BRH:0
end_of_record
TN:
SF:/Users/user/Desktop/web2.0/WeIns_F/src/components/sidenav.vue
FN:34,(anonymous_1)
FN:40,(anonymous_2)
FN:46,(anonymous_3)
FNF:3
FNH:3
FNDA:3,(anonymous_1)
FNDA:3,(anonymous_2)
FNDA:3,(anonymous_3)
DA:35,3
DA:41,3
DA:42,3
DA:43,3
LF:4
LH:4
BRF:0
BRH:0
end_of_record
TN:
SF:/Users/user/Desktop/web2.0/WeIns_F/src/components/signinForm.vue
FN:46,(anonymous_1)
FN:72,(anonymous_2)
FN:140,(anonymous_3)
FN:146,(anonymous_4)
FNF:4
FNH:4
FNDA:3,(anonymous_1)
FNDA:3,(anonymous_2)
FNDA:1,(anonymous_3)
FNDA:1,(anonymous_4)
DA:47,3
DA:73,3
DA:74,1
DA:76,1
DA:140,1
DA:141,1
DA:144,2
DA:147,1
DA:148,1
LF:9
LH:9
BRDA:73,0,0,1
BRDA:73,0,1,2
BRF:2
BRH:2
end_of_record
TN:
SF:/Users/user/Desktop/web2.0/WeIns_F/src/components/signupForm.vue
FN:36,(anonymous_1)
FN:54,(anonymous_2)
FN:64,(anonymous_3)
FN:76,(anonymous_4)
FN:154,(anonymous_5)
FNF:5
FNH:5
FNDA:3,(anonymous_1)
FNDA:8,(anonymous_2)
FNDA:4,(anonymous_3)
FNDA:8,(anonymous_4)
FNDA:1,(anonymous_5)
DA:37,3
DA:55,8
DA:56,16
DA:65,4
DA:66,7
DA:68,4
DA:69,4
DA:71,6
DA:74,4
DA:77,8
DA:78,8
DA:79,8
DA:80,1
DA:81,1
DA:82,1
DA:84,7
DA:85,7
DA:86,1
DA:87,1
DA:88,1
DA:92,6
DA:93,6
DA:94,1
DA:96,1
DA:97,1
DA:98,5
DA:99,1
DA:101,1
DA:102,1
DA:105,4
DA:106,4
DA:107,1
DA:109,1
DA:110,1
DA:111,3
DA:112,1
DA:114,1
DA:115,1
DA:118,2
DA:119,2
DA:120,2
DA:121,2
DA:122,1
DA:124,1
DA:125,1
DA:128,1
DA:130,1
DA:152,1
DA:153,1
DA:154,1
DA:155,1
LF:51
LH:51
BRDA:56,0,0,4
BRDA:56,0,1,4
BRDA:56,1,0,8
BRDA:56,1,1,6
BRDA:56,1,2,3
BRDA:56,1,3,2
BRDA:56,1,4,2
BRDA:66,2,0,3
BRDA:66,2,1,1
BRDA:71,3,0,2
BRDA:71,3,1,2
BRDA:79,4,0,1
BRDA:79,4,1,7
BRDA:85,5,0,1
BRDA:85,5,1,6
BRDA:93,6,0,1
BRDA:93,6,1,5
BRDA:98,7,0,1
BRDA:98,7,1,4
BRDA:98,8,0,5
BRDA:98,8,1,5
BRDA:106,9,0,1
BRDA:106,9,1,3
BRDA:111,10,0,1
BRDA:111,10,1,2
BRDA:111,11,0,3
BRDA:111,11,1,3
BRDA:121,12,0,1
BRDA:121,12,1,1
BRF:29
BRH:29
end_of_record
TN:
SF:/Users/user/Desktop/web2.0/WeIns_F/src/components/topnav.vue
FN:83,(anonymous_1)
FN:105,(anonymous_2)
FN:107,(anonymous_3)
FN:115,(anonymous_4)
FN:118,(anonymous_5)
FN:122,(anonymous_6)
FN:129,(anonymous_7)
FN:134,(anonymous_8)
FN:156,(anonymous_9)
FNF:9
FNH:8
FNDA:2,(anonymous_1)
FNDA:3,(anonymous_2)
FNDA:3,(anonymous_3)
FNDA:1,(anonymous_4)
FNDA:8,(anonymous_5)
FNDA:0,(anonymous_6)
FNDA:1,(anonymous_7)
FNDA:4,(anonymous_8)
FNDA:2,(anonymous_9)
DA:80,1
DA:84,2
DA:106,3
DA:107,3
DA:108,3
DA:109,3
DA:110,0
DA:117,1
DA:118,1
DA:119,8
DA:121,1
DA:122,1
DA:123,0
DA:126,1
DA:130,1
DA:131,1
DA:135,4
DA:136,1
DA:137,1
DA:138,3
DA:140,1
DA:141,1
DA:142,2
DA:145,1
DA:146,1
DA:147,1
DA:148,1
DA:149,1
DA:150,1
DA:151,1
DA:158,2
DA:166,2
LF:32
LH:30
BRDA:108,0,0,3
BRDA:108,0,1,0
BRDA:118,1,0,1
BRDA:118,1,1,0
BRDA:135,2,0,1
BRDA:135,2,1,3
BRDA:138,3,0,1
BRDA:138,3,1,2
BRDA:142,4,0,1
BRDA:142,4,1,1
BRF:10
BRH:8
end_of_record
