TN:
SF:/Users/user/Desktop/web2.0/WeIns_F/src/components/signinForm.vue
FN:46,(anonymous_1)
FN:72,(anonymous_2)
FN:110,(anonymous_3)
FN:117,(anonymous_4)
FNF:4
FNH:4
FNDA:4,(anonymous_1)
FNDA:3,(anonymous_2)
FNDA:1,(anonymous_3)
FNDA:1,(anonymous_4)
DA:47,4
DA:73,3
DA:74,1
DA:76,1
DA:110,1
DA:111,2
DA:115,2
DA:119,1
LF:8
LH:8
BRDA:73,0,0,1
BRDA:73,0,1,2
BRDA:111,1,0,1
BRDA:111,1,1,0
BRF:4
BRH:3
end_of_record
TN:
SF:/Users/user/Desktop/web2.0/WeIns_F/src/components/signupForm.vue
FN:35,(anonymous_1)
FN:53,(anonymous_2)
FN:59,(anonymous_3)
FN:71,(anonymous_4)
FN:152,(anonymous_5)
FNF:5
FNH:5
FNDA:3,(anonymous_1)
FNDA:8,(anonymous_2)
FNDA:4,(anonymous_3)
FNDA:8,(anonymous_4)
FNDA:1,(anonymous_5)
DA:36,3
DA:54,8
DA:55,16
DA:60,4
DA:61,7
DA:63,4
DA:64,4
DA:66,6
DA:69,4
DA:72,8
DA:73,8
DA:74,8
DA:75,1
DA:76,1
DA:77,1
DA:79,7
DA:80,7
DA:81,1
DA:82,1
DA:83,1
DA:87,6
DA:88,6
DA:89,1
DA:91,1
DA:92,1
DA:93,5
DA:94,1
DA:96,1
DA:97,1
DA:100,4
DA:101,4
DA:102,1
DA:104,1
DA:105,1
DA:106,3
DA:107,1
DA:109,1
DA:110,1
DA:113,2
DA:114,2
DA:115,2
DA:116,2
DA:117,1
DA:119,1
DA:120,1
DA:123,1
DA:125,1
DA:150,1
DA:151,1
DA:152,1
DA:153,1
DA:154,1
DA:157,0
LF:53
LH:52
BRDA:55,0,0,4
BRDA:55,0,1,4
BRDA:55,1,0,8
BRDA:55,1,1,6
BRDA:55,1,2,3
BRDA:55,1,3,2
BRDA:55,1,4,2
BRDA:61,2,0,3
BRDA:61,2,1,1
BRDA:66,3,0,2
BRDA:66,3,1,2
BRDA:74,4,0,1
BRDA:74,4,1,7
BRDA:80,5,0,1
BRDA:80,5,1,6
BRDA:88,6,0,1
BRDA:88,6,1,5
BRDA:93,7,0,1
BRDA:93,7,1,4
BRDA:93,8,0,5
BRDA:93,8,1,5
BRDA:101,9,0,1
BRDA:101,9,1,3
BRDA:106,10,0,1
BRDA:106,10,1,2
BRDA:106,11,0,3
BRDA:106,11,1,3
BRDA:116,12,0,1
BRDA:116,12,1,1
BRDA:153,13,0,1
BRDA:153,13,1,0
BRF:31
BRH:30
end_of_record
